[ 2018-01-29T09:57:29+08:00 ] ::1 /enterprise/admin.php
INFO: [ app_init ] --START--
INFO: Run Behavior\BuildLiteBehavior [ RunTime:0.000022s ]
INFO: [ app_init ] --END-- [ RunTime:0.000687s ]

[ 2018-01-29T09:57:32+08:00 ] ::1 /enterprise/admin.php/Login/index.html
INFO: [ app_init ] --START--
INFO: Run Behavior\BuildLiteBehavior [ RunTime:0.000132s ]
INFO: [ app_init ] --END-- [ RunTime:0.001129s ]

[ 2018-01-29T09:57:33+08:00 ] ::1 /enterprise/admin.php/Login/verifyImg
INFO: [ app_init ] --START--
INFO: Run Behavior\BuildLiteBehavior [ RunTime:0.000036s ]
INFO: [ app_init ] --END-- [ RunTime:0.000896s ]

[ 2018-01-29T09:57:48+08:00 ] ::1 /enterprise/admin.php/Login/login.html
INFO: [ app_init ] --START--
INFO: Run Behavior\BuildLiteBehavior [ RunTime:0.000019s ]
INFO: [ app_init ] --END-- [ RunTime:0.000563s ]

[ 2018-01-29T09:57:51+08:00 ] ::1 /enterprise/admin.php/Index/index.html
INFO: [ app_init ] --START--
INFO: Run Behavior\BuildLiteBehavior [ RunTime:0.000020s ]
INFO: [ app_init ] --END-- [ RunTime:0.000471s ]

[ 2018-01-29T09:57:51+08:00 ] ::1 /enterprise/admin.php/Index/index_v1.html?v=4.0
INFO: [ app_init ] --START--
INFO: Run Behavior\BuildLiteBehavior [ RunTime:0.000035s ]
INFO: [ app_init ] --END-- [ RunTime:0.000687s ]
ERR: 非法操作:index_v1

[ 2018-01-29T09:57:55+08:00 ] ::1 /enterprise/admin.php/User/add.html
INFO: [ app_init ] --START--
INFO: Run Behavior\BuildLiteBehavior [ RunTime:0.000023s ]
INFO: [ app_init ] --END-- [ RunTime:0.000586s ]

[ 2018-01-29T10:02:07+08:00 ] ::1 /enterprise/admin.php/User/add.html
INFO: [ app_init ] --START--
INFO: Run Behavior\BuildLiteBehavior [ RunTime:0.000021s ]
INFO: [ app_init ] --END-- [ RunTime:0.000595s ]

[ 2018-01-29T10:02:08+08:00 ] ::1 /enterprise/admin.php/User/add.html
INFO: [ app_init ] --START--
INFO: Run Behavior\BuildLiteBehavior [ RunTime:0.000019s ]
INFO: [ app_init ] --END-- [ RunTime:0.000481s ]

[ 2018-01-29T10:02:09+08:00 ] ::1 /enterprise/admin.php/Index/index_v1.html
INFO: [ app_init ] --START--
INFO: Run Behavior\BuildLiteBehavior [ RunTime:0.000018s ]
INFO: [ app_init ] --END-- [ RunTime:0.000476s ]
ERR: 非法操作:index_v1

[ 2018-01-29T10:02:09+08:00 ] ::1 /enterprise/admin.php/User/add.html
INFO: [ app_init ] --START--
INFO: Run Behavior\BuildLiteBehavior [ RunTime:0.000019s ]
INFO: [ app_init ] --END-- [ RunTime:0.000489s ]

[ 2018-01-29T10:04:27+08:00 ] ::1 /enterprise/admin.php/Index/index.html
INFO: [ app_init ] --START--
INFO: Run Behavior\BuildLiteBehavior [ RunTime:0.000032s ]
INFO: [ app_init ] --END-- [ RunTime:0.000715s ]

[ 2018-01-29T10:04:27+08:00 ] ::1 /enterprise/admin.php/Index/index_v1.html?v=4.0
INFO: [ app_init ] --START--
INFO: Run Behavior\BuildLiteBehavior [ RunTime:0.000034s ]
INFO: [ app_init ] --END-- [ RunTime:0.000718s ]
ERR: 非法操作:index_v1

[ 2018-01-29T10:04:30+08:00 ] ::1 /enterprise/admin.php/User/list.html
INFO: [ app_init ] --START--
INFO: Run Behavior\BuildLiteBehavior [ RunTime:0.000027s ]
INFO: [ app_init ] --END-- [ RunTime:0.000627s ]
ERR: 非法操作:list

[ 2018-01-29T10:04:31+08:00 ] ::1 /enterprise/admin.php/User/add.html
INFO: [ app_init ] --START--
INFO: Run Behavior\BuildLiteBehavior [ RunTime:0.000018s ]
INFO: [ app_init ] --END-- [ RunTime:0.000398s ]

[ 2018-01-29T10:08:51+08:00 ] ::1 /enterprise/admin.php/Index/index.html
INFO: [ app_init ] --START--
INFO: Run Behavior\BuildLiteBehavior [ RunTime:0.000026s ]
INFO: [ app_init ] --END-- [ RunTime:0.002288s ]

[ 2018-01-29T10:08:51+08:00 ] ::1 /enterprise/admin.php/Index/index_v1.html?v=4.0
INFO: [ app_init ] --START--
INFO: Run Behavior\BuildLiteBehavior [ RunTime:0.000021s ]
INFO: [ app_init ] --END-- [ RunTime:0.000655s ]
ERR: 非法操作:index_v1

[ 2018-01-29T10:08:54+08:00 ] ::1 /enterprise/admin.php/Rule/add.html
INFO: [ app_init ] --START--
INFO: Run Behavior\BuildLiteBehavior [ RunTime:0.000024s ]
INFO: [ app_init ] --END-- [ RunTime:0.000875s ]
ERR: 无法加载控制器:Rule

[ 2018-01-29T10:08:55+08:00 ] ::1 /enterprise/admin.php/Rule/list.html
INFO: [ app_init ] --START--
INFO: Run Behavior\BuildLiteBehavior [ RunTime:0.000021s ]
INFO: [ app_init ] --END-- [ RunTime:0.000550s ]
ERR: 无法加载控制器:Rule

[ 2018-01-29T10:08:56+08:00 ] ::1 /enterprise/admin.php/Rule/add.html
INFO: [ app_init ] --START--
INFO: Run Behavior\BuildLiteBehavior [ RunTime:0.000114s ]
INFO: [ app_init ] --END-- [ RunTime:0.002393s ]
ERR: 无法加载控制器:Rule

[ 2018-01-29T10:12:56+08:00 ] ::1 /enterprise/admin.php/Index/index.html
INFO: [ app_init ] --START--
INFO: Run Behavior\BuildLiteBehavior [ RunTime:0.000019s ]
INFO: [ app_init ] --END-- [ RunTime:0.000490s ]

[ 2018-01-29T10:12:57+08:00 ] ::1 /enterprise/admin.php/Index/index_v1.html?v=4.0
INFO: [ app_init ] --START--
INFO: Run Behavior\BuildLiteBehavior [ RunTime:0.000047s ]
INFO: [ app_init ] --END-- [ RunTime:0.000594s ]
ERR: 非法操作:index_v1

[ 2018-01-29T10:13:00+08:00 ] ::1 /enterprise/admin.php/Rule/add.html
INFO: [ app_init ] --START--
INFO: Run Behavior\BuildLiteBehavior [ RunTime:0.000026s ]
INFO: [ app_init ] --END-- [ RunTime:0.000556s ]

[ 2018-01-29T10:28:17+08:00 ] ::1 /enterprise/admin.php/Rule/add.html
INFO: [ app_init ] --START--
INFO: Run Behavior\BuildLiteBehavior [ RunTime:0.000019s ]
INFO: [ app_init ] --END-- [ RunTime:0.000438s ]

[ 2018-01-29T10:29:39+08:00 ] ::1 /enterprise/admin.php/Index/index.html
INFO: [ app_init ] --START--
INFO: Run Behavior\BuildLiteBehavior [ RunTime:0.000019s ]
INFO: [ app_init ] --END-- [ RunTime:0.000523s ]

[ 2018-01-29T10:29:39+08:00 ] ::1 /enterprise/admin.php/Index/index_v1.html?v=4.0
INFO: [ app_init ] --START--
INFO: Run Behavior\BuildLiteBehavior [ RunTime:0.000020s ]
INFO: [ app_init ] --END-- [ RunTime:0.000547s ]
ERR: 非法操作:index_v1

[ 2018-01-29T10:29:42+08:00 ] ::1 /enterprise/admin.php/Rule/add.html
INFO: [ app_init ] --START--
INFO: Run Behavior\BuildLiteBehavior [ RunTime:0.000034s ]
INFO: [ app_init ] --END-- [ RunTime:0.000623s ]

[ 2018-01-29T10:33:04+08:00 ] ::1 /enterprise/admin.php/Rule/add.html
INFO: [ app_init ] --START--
INFO: Run Behavior\BuildLiteBehavior [ RunTime:0.000027s ]
INFO: [ app_init ] --END-- [ RunTime:0.000599s ]

[ 2018-01-29T10:33:48+08:00 ] ::1 /enterprise/admin.php/Rule/add.html
INFO: [ app_init ] --START--
INFO: Run Behavior\BuildLiteBehavior [ RunTime:0.000023s ]
INFO: [ app_init ] --END-- [ RunTime:0.000590s ]

[ 2018-01-29T10:41:45+08:00 ] ::1 /enterprise/admin.php/Rule/add.html
INFO: [ app_init ] --START--
INFO: Run Behavior\BuildLiteBehavior [ RunTime:0.000032s ]
INFO: [ app_init ] --END-- [ RunTime:0.000538s ]

[ 2018-01-29T11:05:14+08:00 ] ::1 /enterprise/admin.php/Rule/add.html
INFO: [ app_init ] --START--
INFO: Run Behavior\BuildLiteBehavior [ RunTime:0.000036s ]
INFO: [ app_init ] --END-- [ RunTime:0.000855s ]

[ 2018-01-29T11:05:29+08:00 ] ::1 /enterprise/admin.php/Rule/add.html
INFO: [ app_init ] --START--
INFO: Run Behavior\BuildLiteBehavior [ RunTime:0.000021s ]
INFO: [ app_init ] --END-- [ RunTime:0.000647s ]

[ 2018-01-29T11:05:35+08:00 ] ::1 /enterprise/admin.php/Rule/add.html
INFO: [ app_init ] --START--
INFO: Run Behavior\BuildLiteBehavior [ RunTime:0.000045s ]
INFO: [ app_init ] --END-- [ RunTime:0.001008s ]

[ 2018-01-29T11:06:32+08:00 ] ::1 /enterprise/admin.php/Rule/add.html
INFO: [ app_init ] --START--
INFO: Run Behavior\BuildLiteBehavior [ RunTime:0.000027s ]
INFO: [ app_init ] --END-- [ RunTime:0.000806s ]

[ 2018-01-29T11:07:07+08:00 ] ::1 /enterprise/admin.php/Rule/add.html
INFO: [ app_init ] --START--
INFO: Run Behavior\BuildLiteBehavior [ RunTime:0.000019s ]
INFO: [ app_init ] --END-- [ RunTime:0.000518s ]

[ 2018-01-29T11:07:59+08:00 ] ::1 /enterprise/admin.php/Rule/add.html
INFO: [ app_init ] --START--
INFO: Run Behavior\BuildLiteBehavior [ RunTime:0.000019s ]
INFO: [ app_init ] --END-- [ RunTime:0.000523s ]

[ 2018-01-29T11:09:00+08:00 ] ::1 /enterprise/admin.php/Rule/add.html
INFO: [ app_init ] --START--
INFO: Run Behavior\BuildLiteBehavior [ RunTime:0.000022s ]
INFO: [ app_init ] --END-- [ RunTime:0.000606s ]

[ 2018-01-29T11:09:22+08:00 ] ::1 /enterprise/admin.php/Rule/add.html
INFO: [ app_init ] --START--
INFO: Run Behavior\BuildLiteBehavior [ RunTime:0.000110s ]
INFO: [ app_init ] --END-- [ RunTime:0.003178s ]

[ 2018-01-29T11:09:51+08:00 ] ::1 /enterprise/admin.php/Rule/add.html
INFO: [ app_init ] --START--
INFO: Run Behavior\BuildLiteBehavior [ RunTime:0.000019s ]
INFO: [ app_init ] --END-- [ RunTime:0.000545s ]

[ 2018-01-29T11:10:05+08:00 ] ::1 /enterprise/admin.php/Rule/add.html
INFO: [ app_init ] --START--
INFO: Run Behavior\BuildLiteBehavior [ RunTime:0.000049s ]
INFO: [ app_init ] --END-- [ RunTime:0.000878s ]

[ 2018-01-29T11:14:15+08:00 ] ::1 /enterprise/admin.php/Rule/add.html
INFO: [ app_init ] --START--
INFO: Run Behavior\BuildLiteBehavior [ RunTime:0.000023s ]
INFO: [ app_init ] --END-- [ RunTime:0.000534s ]

[ 2018-01-29T11:14:27+08:00 ] ::1 /enterprise/admin.php/Rule/add.html
INFO: [ app_init ] --START--
INFO: Run Behavior\BuildLiteBehavior [ RunTime:0.000019s ]
INFO: [ app_init ] --END-- [ RunTime:0.000506s ]

[ 2018-01-29T11:15:14+08:00 ] ::1 /enterprise/admin.php/Rule/add.html
INFO: [ app_init ] --START--
INFO: Run Behavior\BuildLiteBehavior [ RunTime:0.000020s ]
INFO: [ app_init ] --END-- [ RunTime:0.000505s ]

[ 2018-01-29T11:15:15+08:00 ] ::1 /enterprise/admin.php/Rule/add.html
INFO: [ app_init ] --START--
INFO: Run Behavior\BuildLiteBehavior [ RunTime:0.000019s ]
INFO: [ app_init ] --END-- [ RunTime:0.000465s ]

[ 2018-01-29T11:15:15+08:00 ] ::1 /enterprise/admin.php/Rule/add.html
INFO: [ app_init ] --START--
INFO: Run Behavior\BuildLiteBehavior [ RunTime:0.000032s ]
INFO: [ app_init ] --END-- [ RunTime:0.000670s ]

[ 2018-01-29T11:16:03+08:00 ] ::1 /enterprise/admin.php/Rule/add.html
INFO: [ app_init ] --START--
INFO: Run Behavior\BuildLiteBehavior [ RunTime:0.000021s ]
INFO: [ app_init ] --END-- [ RunTime:0.000550s ]

[ 2018-01-29T11:16:07+08:00 ] ::1 /enterprise/admin.php/Rule/add.html
INFO: [ app_init ] --START--
INFO: Run Behavior\BuildLiteBehavior [ RunTime:0.000088s ]
INFO: [ app_init ] --END-- [ RunTime:0.001216s ]

[ 2018-01-29T11:17:45+08:00 ] ::1 /enterprise/admin.php/Rule/add.html
INFO: [ app_init ] --START--
INFO: Run Behavior\BuildLiteBehavior [ RunTime:0.000023s ]
INFO: [ app_init ] --END-- [ RunTime:0.000667s ]

[ 2018-01-29T11:18:39+08:00 ] ::1 /enterprise/admin.php/Rule/add.html
INFO: [ app_init ] --START--
INFO: Run Behavior\BuildLiteBehavior [ RunTime:0.000019s ]
INFO: [ app_init ] --END-- [ RunTime:0.000435s ]

[ 2018-01-29T11:23:42+08:00 ] ::1 /enterprise/admin.php/Rule/add.html
INFO: [ app_init ] --START--
INFO: Run Behavior\BuildLiteBehavior [ RunTime:0.000018s ]
INFO: [ app_init ] --END-- [ RunTime:0.000467s ]

[ 2018-01-29T11:25:29+08:00 ] ::1 /enterprise/admin.php/Rule/add.html
INFO: [ app_init ] --START--
INFO: Run Behavior\BuildLiteBehavior [ RunTime:0.000018s ]
INFO: [ app_init ] --END-- [ RunTime:0.000511s ]

[ 2018-01-29T11:26:43+08:00 ] ::1 /enterprise/admin.php/Rule/add.html
INFO: [ app_init ] --START--
INFO: Run Behavior\BuildLiteBehavior [ RunTime:0.000052s ]
INFO: [ app_init ] --END-- [ RunTime:0.001084s ]

[ 2018-01-29T11:34:57+08:00 ] ::1 /enterprise/admin.php/Rule/add.html
INFO: [ app_init ] --START--
INFO: Run Behavior\BuildLiteBehavior [ RunTime:0.000034s ]
INFO: [ app_init ] --END-- [ RunTime:0.001202s ]

[ 2018-01-29T11:36:30+08:00 ] ::1 /enterprise/admin.php/Rule/insert.html
INFO: [ app_init ] --START--
INFO: Run Behavior\BuildLiteBehavior [ RunTime:0.000020s ]
INFO: [ app_init ] --END-- [ RunTime:0.000738s ]
ERR: 非法操作:insert

[ 2018-01-29T11:37:35+08:00 ] ::1 /enterprise/admin.php/Rule/add.html
INFO: [ app_init ] --START--
INFO: Run Behavior\BuildLiteBehavior [ RunTime:0.000028s ]
INFO: [ app_init ] --END-- [ RunTime:0.000548s ]

[ 2018-01-29T11:37:44+08:00 ] ::1 /enterprise/admin.php/Rule/insert.html
INFO: [ app_init ] --START--
INFO: Run Behavior\BuildLiteBehavior [ RunTime:0.000033s ]
INFO: [ app_init ] --END-- [ RunTime:0.000718s ]

[ 2018-01-29T11:38:03+08:00 ] ::1 /enterprise/admin.php/Rule/insert.html
INFO: [ app_init ] --START--
INFO: Run Behavior\BuildLiteBehavior [ RunTime:0.000022s ]
INFO: [ app_init ] --END-- [ RunTime:0.000563s ]

[ 2018-01-29T11:38:17+08:00 ] ::1 /enterprise/admin.php/Rule/insert.html
INFO: [ app_init ] --START--
INFO: Run Behavior\BuildLiteBehavior [ RunTime:0.000216s ]
INFO: [ app_init ] --END-- [ RunTime:0.001798s ]

[ 2018-01-29T11:39:11+08:00 ] ::1 /enterprise/admin.php/Rule/insert.html
INFO: [ app_init ] --START--
INFO: Run Behavior\BuildLiteBehavior [ RunTime:0.000027s ]
INFO: [ app_init ] --END-- [ RunTime:0.001179s ]

[ 2018-01-29T11:39:14+08:00 ] ::1 /enterprise/admin.php/Rule/insert.html
INFO: [ app_init ] --START--
INFO: Run Behavior\BuildLiteBehavior [ RunTime:0.000037s ]
INFO: [ app_init ] --END-- [ RunTime:0.000787s ]

[ 2018-01-29T11:39:19+08:00 ] ::1 /enterprise/admin.php/Rule/add.html
INFO: [ app_init ] --START--
INFO: Run Behavior\BuildLiteBehavior [ RunTime:0.000028s ]
INFO: [ app_init ] --END-- [ RunTime:0.000560s ]

[ 2018-01-29T11:39:24+08:00 ] ::1 /enterprise/admin.php/Rule/insert.html
INFO: [ app_init ] --START--
INFO: Run Behavior\BuildLiteBehavior [ RunTime:0.000050s ]
INFO: [ app_init ] --END-- [ RunTime:0.000840s ]

[ 2018-01-29T11:41:26+08:00 ] ::1 /enterprise/admin.php/Rule/add.html
INFO: [ app_init ] --START--
INFO: Run Behavior\BuildLiteBehavior [ RunTime:0.000030s ]
INFO: [ app_init ] --END-- [ RunTime:0.000582s ]

[ 2018-01-29T11:41:30+08:00 ] ::1 /enterprise/admin.php/Rule/insert.html
INFO: [ app_init ] --START--
INFO: Run Behavior\BuildLiteBehavior [ RunTime:0.000032s ]
INFO: [ app_init ] --END-- [ RunTime:0.000699s ]

[ 2018-01-29T11:41:34+08:00 ] ::1 /enterprise/admin.php/Rule/insert.html
INFO: [ app_init ] --START--
INFO: Run Behavior\BuildLiteBehavior [ RunTime:0.000032s ]
INFO: [ app_init ] --END-- [ RunTime:0.000675s ]

[ 2018-01-29T13:32:37+08:00 ] ::1 /enterprise/admin.php/Rule/add.html
INFO: [ app_init ] --START--
INFO: Run Behavior\BuildLiteBehavior [ RunTime:0.000019s ]
INFO: [ app_init ] --END-- [ RunTime:0.000537s ]

[ 2018-01-29T13:32:40+08:00 ] ::1 /enterprise/admin.php/Rule/list.html
INFO: [ app_init ] --START--
INFO: Run Behavior\BuildLiteBehavior [ RunTime:0.000044s ]
INFO: [ app_init ] --END-- [ RunTime:0.000635s ]
ERR: 非法操作:list

[ 2018-01-29T13:32:42+08:00 ] ::1 /enterprise/admin.php/Rule/add.html
INFO: [ app_init ] --START--
INFO: Run Behavior\BuildLiteBehavior [ RunTime:0.000022s ]
INFO: [ app_init ] --END-- [ RunTime:0.000602s ]

[ 2018-01-29T16:01:57+08:00 ] ::1 /enterprise/admin.php/Rule/insert.html
INFO: [ app_init ] --START--
INFO: Run Behavior\BuildLiteBehavior [ RunTime:0.000025s ]
INFO: [ app_init ] --END-- [ RunTime:0.000721s ]

[ 2018-01-29T16:03:08+08:00 ] ::1 /enterprise/admin.php/Rule/insert.html
INFO: [ app_init ] --START--
INFO: Run Behavior\BuildLiteBehavior [ RunTime:0.000018s ]
INFO: [ app_init ] --END-- [ RunTime:0.000496s ]

[ 2018-01-29T16:03:39+08:00 ] ::1 /enterprise/admin.php/Rule/insert.html
INFO: [ app_init ] --START--
INFO: Run Behavior\BuildLiteBehavior [ RunTime:0.000021s ]
INFO: [ app_init ] --END-- [ RunTime:0.000569s ]

[ 2018-01-29T16:13:43+08:00 ] ::1 /enterprise/admin.php/Rule/insert.html
INFO: [ app_init ] --START--
INFO: Run Behavior\BuildLiteBehavior [ RunTime:0.000018s ]
INFO: [ app_init ] --END-- [ RunTime:0.000449s ]

[ 2018-01-29T16:14:01+08:00 ] ::1 /enterprise/admin.php/Rule/insert.html
INFO: [ app_init ] --START--
INFO: Run Behavior\BuildLiteBehavior [ RunTime:0.000018s ]
INFO: [ app_init ] --END-- [ RunTime:0.000493s ]

[ 2018-01-29T16:14:37+08:00 ] ::1 /enterprise/admin.php/Rule/insert.html
INFO: [ app_init ] --START--
INFO: Run Behavior\BuildLiteBehavior [ RunTime:0.000019s ]
INFO: [ app_init ] --END-- [ RunTime:0.000416s ]

[ 2018-01-29T16:15:31+08:00 ] ::1 /enterprise/admin.php/Rule/insert.html
INFO: [ app_init ] --START--
INFO: Run Behavior\BuildLiteBehavior [ RunTime:0.000019s ]
INFO: [ app_init ] --END-- [ RunTime:0.000517s ]

[ 2018-01-29T16:15:39+08:00 ] ::1 /enterprise/admin.php/Rule/add.html
INFO: [ app_init ] --START--
INFO: Run Behavior\BuildLiteBehavior [ RunTime:0.000049s ]
INFO: [ app_init ] --END-- [ RunTime:0.001266s ]

[ 2018-01-29T16:15:43+08:00 ] ::1 /enterprise/admin.php/Rule/insert.html
INFO: [ app_init ] --START--
INFO: Run Behavior\BuildLiteBehavior [ RunTime:0.000031s ]
INFO: [ app_init ] --END-- [ RunTime:0.000642s ]

[ 2018-01-29T16:34:55+08:00 ] ::1 /enterprise/admin.php/Rule/add.html
INFO: [ app_init ] --START--
INFO: Run Behavior\BuildLiteBehavior [ RunTime:0.000058s ]
INFO: [ app_init ] --END-- [ RunTime:0.000987s ]

[ 2018-01-29T16:34:57+08:00 ] ::1 /enterprise/admin.php/Rule/insert.html
INFO: [ app_init ] --START--
INFO: Run Behavior\BuildLiteBehavior [ RunTime:0.000034s ]
INFO: [ app_init ] --END-- [ RunTime:0.000757s ]

[ 2018-01-29T16:35:11+08:00 ] ::1 /enterprise/admin.php/Rule/insert.html
INFO: [ app_init ] --START--
INFO: Run Behavior\BuildLiteBehavior [ RunTime:0.000035s ]
INFO: [ app_init ] --END-- [ RunTime:0.000832s ]

[ 2018-01-29T16:38:48+08:00 ] ::1 /enterprise/admin.php/Rule/insert.html
INFO: [ app_init ] --START--
INFO: Run Behavior\BuildLiteBehavior [ RunTime:0.000086s ]
INFO: [ app_init ] --END-- [ RunTime:0.002552s ]

[ 2018-01-29T16:39:00+08:00 ] ::1 /enterprise/admin.php/Rule/insert.html
INFO: [ app_init ] --START--
INFO: Run Behavior\BuildLiteBehavior [ RunTime:0.000044s ]
INFO: [ app_init ] --END-- [ RunTime:0.002449s ]

[ 2018-01-29T16:40:29+08:00 ] ::1 /enterprise/admin.php/Rule/insert.html
INFO: [ app_init ] --START--
INFO: Run Behavior\BuildLiteBehavior [ RunTime:0.000023s ]
INFO: [ app_init ] --END-- [ RunTime:0.000516s ]

[ 2018-01-29T16:41:27+08:00 ] ::1 /enterprise/admin.php/Rule/insert.html
INFO: [ app_init ] --START--
INFO: Run Behavior\BuildLiteBehavior [ RunTime:0.000019s ]
INFO: [ app_init ] --END-- [ RunTime:0.000421s ]

[ 2018-01-29T16:47:06+08:00 ] ::1 /enterprise/admin.php/Rule/add.html
INFO: [ app_init ] --START--
INFO: Run Behavior\BuildLiteBehavior [ RunTime:0.000028s ]
INFO: [ app_init ] --END-- [ RunTime:0.000564s ]

[ 2018-01-29T16:47:29+08:00 ] ::1 /enterprise/admin.php/Rule/add.html
INFO: [ app_init ] --START--
INFO: Run Behavior\BuildLiteBehavior [ RunTime:0.000020s ]
INFO: [ app_init ] --END-- [ RunTime:0.000411s ]

[ 2018-01-29T16:48:58+08:00 ] ::1 /enterprise/admin.php/Rule/add.html
INFO: [ app_init ] --START--
INFO: Run Behavior\BuildLiteBehavior [ RunTime:0.000046s ]
INFO: [ app_init ] --END-- [ RunTime:0.001127s ]

[ 2018-01-29T16:50:56+08:00 ] ::1 /enterprise/admin.php/Rule/insert.html
INFO: [ app_init ] --START--
INFO: Run Behavior\BuildLiteBehavior [ RunTime:0.000024s ]
INFO: [ app_init ] --END-- [ RunTime:0.000752s ]
ERR: 模板不存在:./Applic_ation/Admin/View/Rule/insert.html

[ 2018-01-29T16:51:27+08:00 ] ::1 /enterprise/admin.php/Rule/insert.html
INFO: [ app_init ] --START--
INFO: Run Behavior\BuildLiteBehavior [ RunTime:0.000021s ]
INFO: [ app_init ] --END-- [ RunTime:0.000587s ]

[ 2018-01-29T16:51:34+08:00 ] ::1 /enterprise/admin.php/Rule/add.html
INFO: [ app_init ] --START--
INFO: Run Behavior\BuildLiteBehavior [ RunTime:0.000020s ]
INFO: [ app_init ] --END-- [ RunTime:0.000412s ]

[ 2018-01-29T16:51:50+08:00 ] ::1 /enterprise/admin.php/Rule/add.html
INFO: [ app_init ] --START--
INFO: Run Behavior\BuildLiteBehavior [ RunTime:0.000023s ]
INFO: [ app_init ] --END-- [ RunTime:0.001119s ]

[ 2018-01-29T16:51:53+08:00 ] ::1 /enterprise/admin.php/Rule/list.html
INFO: [ app_init ] --START--
INFO: Run Behavior\BuildLiteBehavior [ RunTime:0.000032s ]
INFO: [ app_init ] --END-- [ RunTime:0.000706s ]
ERR: 非法操作:list

[ 2018-01-29T16:56:04+08:00 ] ::1 /enterprise/admin.php/Rule/list.html
INFO: [ app_init ] --START--
INFO: Run Behavior\BuildLiteBehavior [ RunTime:0.000029s ]
INFO: [ app_init ] --END-- [ RunTime:0.000566s ]

[ 2018-01-29T16:56:08+08:00 ] ::1 /enterprise/admin.php/Rule/list.html
INFO: [ app_init ] --START--
INFO: Run Behavior\BuildLiteBehavior [ RunTime:0.000028s ]
INFO: [ app_init ] --END-- [ RunTime:0.001746s ]

[ 2018-01-29T16:57:19+08:00 ] ::1 /enterprise/admin.php/Index/index.html
INFO: [ app_init ] --START--
INFO: Run Behavior\BuildLiteBehavior [ RunTime:0.000021s ]
INFO: [ app_init ] --END-- [ RunTime:0.000466s ]

[ 2018-01-29T16:57:19+08:00 ] ::1 /enterprise/admin.php/Index/index_v1.html?v=4.0
INFO: [ app_init ] --START--
INFO: Run Behavior\BuildLiteBehavior [ RunTime:0.000030s ]
INFO: [ app_init ] --END-- [ RunTime:0.000711s ]
ERR: 非法操作:index_v1

[ 2018-01-29T16:57:24+08:00 ] ::1 /enterprise/admin.php/Rule/rule_list.html
INFO: [ app_init ] --START--
INFO: Run Behavior\BuildLiteBehavior [ RunTime:0.000027s ]
INFO: [ app_init ] --END-- [ RunTime:0.000456s ]

[ 2018-01-29T17:00:36+08:00 ] ::1 /enterprise/admin.php/Rule/rule_list.html
INFO: [ app_init ] --START--
INFO: Run Behavior\BuildLiteBehavior [ RunTime:0.000020s ]
INFO: [ app_init ] --END-- [ RunTime:0.000502s ]

[ 2018-01-29T17:08:29+08:00 ] ::1 /enterprise/admin.php/Rule/rule_list.html
INFO: [ app_init ] --START--
INFO: Run Behavior\BuildLiteBehavior [ RunTime:0.000022s ]
INFO: [ app_init ] --END-- [ RunTime:0.000582s ]

[ 2018-01-29T17:08:47+08:00 ] ::1 /enterprise/admin.php/Rule/rule_list.html
INFO: [ app_init ] --START--
INFO: Run Behavior\BuildLiteBehavior [ RunTime:0.000018s ]
INFO: [ app_init ] --END-- [ RunTime:0.000398s ]
ERR: 模板不存在:./Applic_ation/Admin/View/Rule/rule_list.html

[ 2018-01-29T17:09:08+08:00 ] ::1 /enterprise/admin.php/Rule/rule_list.html
INFO: [ app_init ] --START--
INFO: Run Behavior\BuildLiteBehavior [ RunTime:0.000020s ]
INFO: [ app_init ] --END-- [ RunTime:0.000544s ]

[ 2018-01-29T17:11:50+08:00 ] ::1 /enterprise/admin.php/Rule/rule_list.html
INFO: [ app_init ] --START--
INFO: Run Behavior\BuildLiteBehavior [ RunTime:0.000022s ]
INFO: [ app_init ] --END-- [ RunTime:0.000672s ]

[ 2018-01-29T17:12:24+08:00 ] ::1 /enterprise/admin.php/Rule/rule_list.html
INFO: [ app_init ] --START--
INFO: Run Behavior\BuildLiteBehavior [ RunTime:0.000024s ]
INFO: [ app_init ] --END-- [ RunTime:0.000510s ]

[ 2018-01-29T17:12:58+08:00 ] ::1 /enterprise/admin.php/Rule/rule_list.html
INFO: [ app_init ] --START--
INFO: Run Behavior\BuildLiteBehavior [ RunTime:0.000020s ]
INFO: [ app_init ] --END-- [ RunTime:0.000557s ]

[ 2018-01-29T17:13:09+08:00 ] ::1 /enterprise/admin.php/Rule/rule_list.html
INFO: [ app_init ] --START--
INFO: Run Behavior\BuildLiteBehavior [ RunTime:0.000033s ]
INFO: [ app_init ] --END-- [ RunTime:0.000613s ]

[ 2018-01-29T17:13:35+08:00 ] ::1 /enterprise/admin.php/Rule/rule_list.html
INFO: [ app_init ] --START--
INFO: Run Behavior\BuildLiteBehavior [ RunTime:0.000029s ]
INFO: [ app_init ] --END-- [ RunTime:0.000801s ]

[ 2018-01-29T17:14:47+08:00 ] ::1 /enterprise/admin.php/Rule/rule_list.html
INFO: [ app_init ] --START--
INFO: Run Behavior\BuildLiteBehavior [ RunTime:0.000047s ]
INFO: [ app_init ] --END-- [ RunTime:0.001205s ]

[ 2018-01-29T17:16:33+08:00 ] ::1 /enterprise/admin.php/Rule/rule_list.html
INFO: [ app_init ] --START--
INFO: Run Behavior\BuildLiteBehavior [ RunTime:0.000018s ]
INFO: [ app_init ] --END-- [ RunTime:0.000395s ]

[ 2018-01-29T17:17:11+08:00 ] ::1 /enterprise/admin.php/Rule/rule_list.html
INFO: [ app_init ] --START--
INFO: Run Behavior\BuildLiteBehavior [ RunTime:0.000022s ]
INFO: [ app_init ] --END-- [ RunTime:0.000659s ]

[ 2018-01-29T17:17:21+08:00 ] ::1 /enterprise/admin.php/Rule/rule_list.html
INFO: [ app_init ] --START--
INFO: Run Behavior\BuildLiteBehavior [ RunTime:0.000024s ]
INFO: [ app_init ] --END-- [ RunTime:0.000856s ]

[ 2018-01-29T17:18:37+08:00 ] ::1 /enterprise/admin.php/Rule/rule_list.html
INFO: [ app_init ] --START--
INFO: Run Behavior\BuildLiteBehavior [ RunTime:0.000042s ]
INFO: [ app_init ] --END-- [ RunTime:0.000567s ]

[ 2018-01-29T17:19:24+08:00 ] ::1 /enterprise/admin.php/Rule/rule_list.html
INFO: [ app_init ] --START--
INFO: Run Behavior\BuildLiteBehavior [ RunTime:0.000019s ]
INFO: [ app_init ] --END-- [ RunTime:0.000467s ]

