[ 2018-01-21T19:27:47+08:00 ] ::1 /enterprise/admin.php/User/insert.html
INFO: [ app_init ] --START--
INFO: Run Behavior\BuildLiteBehavior [ RunTime:0.000051s ]
INFO: [ app_init ] --END-- [ RunTime:0.001204s ]
ERR: SQLSTATE[HY000] [2000] mysqlnd cannot connect to MySQL 4.1+ using the old insecure authentication. Please use an administration tool to reset your password with the command SET PASSWORD = PASSWORD('your_existing_password'). This will store a new, and more secure, hash value in mysql.user. If this user is used in other scripts executed by PHP 5.2 or earlier you might need to remove the old-passwords flag from your my.cnf file

[ 2018-01-21T19:28:33+08:00 ] ::1 /enterprise/admin.php/User/insert.html
INFO: [ app_init ] --START--
INFO: Run Behavior\BuildLiteBehavior [ RunTime:0.000050s ]
INFO: [ app_init ] --END-- [ RunTime:0.001173s ]
ERR: SQLSTATE[HY000] [2000] mysqlnd cannot connect to MySQL 4.1+ using the old insecure authentication. Please use an administration tool to reset your password with the command SET PASSWORD = PASSWORD('your_existing_password'). This will store a new, and more secure, hash value in mysql.user. If this user is used in other scripts executed by PHP 5.2 or earlier you might need to remove the old-passwords flag from your my.cnf file

[ 2018-01-21T19:29:27+08:00 ] ::1 /enterprise/admin.php/User/insert.html
INFO: [ app_init ] --START--
INFO: Run Behavior\BuildLiteBehavior [ RunTime:0.000056s ]
INFO: [ app_init ] --END-- [ RunTime:0.001944s ]
ERR: SQLSTATE[HY000] [2000] mysqlnd cannot connect to MySQL 4.1+ using the old insecure authentication. Please use an administration tool to reset your password with the command SET PASSWORD = PASSWORD('your_existing_password'). This will store a new, and more secure, hash value in mysql.user. If this user is used in other scripts executed by PHP 5.2 or earlier you might need to remove the old-passwords flag from your my.cnf file

[ 2018-01-21T19:29:36+08:00 ] ::1 /enterprise/admin.php/User/insert.html
INFO: [ app_init ] --START--
INFO: Run Behavior\BuildLiteBehavior [ RunTime:0.000054s ]
INFO: [ app_init ] --END-- [ RunTime:0.000958s ]
ERR: SQLSTATE[HY000] [2000] mysqlnd cannot connect to MySQL 4.1+ using the old insecure authentication. Please use an administration tool to reset your password with the command SET PASSWORD = PASSWORD('your_existing_password'). This will store a new, and more secure, hash value in mysql.user. If this user is used in other scripts executed by PHP 5.2 or earlier you might need to remove the old-passwords flag from your my.cnf file

[ 2018-01-21T19:37:51+08:00 ] ::1 /enterprise/admin.php/User/insert.html
INFO: [ app_init ] --START--
INFO: Run Behavior\BuildLiteBehavior [ RunTime:0.000066s ]
INFO: [ app_init ] --END-- [ RunTime:0.002130s ]
ERR: SQLSTATE[HY000] [2000] mysqlnd cannot connect to MySQL 4.1+ using the old insecure authentication. Please use an administration tool to reset your password with the command SET PASSWORD = PASSWORD('your_existing_password'). This will store a new, and more secure, hash value in mysql.user. If this user is used in other scripts executed by PHP 5.2 or earlier you might need to remove the old-passwords flag from your my.cnf file

[ 2018-01-21T19:39:49+08:00 ] ::1 /enterprise/admin.php/User/insert.html
INFO: [ app_init ] --START--
INFO: Run Behavior\BuildLiteBehavior [ RunTime:0.000049s ]
INFO: [ app_init ] --END-- [ RunTime:0.001013s ]
ERR: SQLSTATE[HY000] [2000] mysqlnd cannot connect to MySQL 4.1+ using the old insecure authentication. Please use an administration tool to reset your password with the command SET PASSWORD = PASSWORD('your_existing_password'). This will store a new, and more secure, hash value in mysql.user. If this user is used in other scripts executed by PHP 5.2 or earlier you might need to remove the old-passwords flag from your my.cnf file

[ 2018-01-21T19:39:52+08:00 ] ::1 /enterprise/admin.php/User/insert.html
INFO: [ app_init ] --START--
INFO: Run Behavior\BuildLiteBehavior [ RunTime:0.000049s ]
INFO: [ app_init ] --END-- [ RunTime:0.001016s ]
ERR: SQLSTATE[HY000] [2000] mysqlnd cannot connect to MySQL 4.1+ using the old insecure authentication. Please use an administration tool to reset your password with the command SET PASSWORD = PASSWORD('your_existing_password'). This will store a new, and more secure, hash value in mysql.user. If this user is used in other scripts executed by PHP 5.2 or earlier you might need to remove the old-passwords flag from your my.cnf file

[ 2018-01-21T19:44:29+08:00 ] ::1 /enterprise/admin.php/User/insert.html
INFO: [ app_init ] --START--
INFO: Run Behavior\BuildLiteBehavior [ RunTime:0.000049s ]
INFO: [ app_init ] --END-- [ RunTime:0.000926s ]
ERR: SQLSTATE[HY000] [2000] mysqlnd cannot connect to MySQL 4.1+ using the old insecure authentication. Please use an administration tool to reset your password with the command SET PASSWORD = PASSWORD('your_existing_password'). This will store a new, and more secure, hash value in mysql.user. If this user is used in other scripts executed by PHP 5.2 or earlier you might need to remove the old-passwords flag from your my.cnf file

[ 2018-01-21T19:45:27+08:00 ] ::1 /enterprise/admin.php/User/insert.html
INFO: [ app_init ] --START--
INFO: Run Behavior\BuildLiteBehavior [ RunTime:0.000062s ]
INFO: [ app_init ] --END-- [ RunTime:0.001448s ]

[ 2018-01-21T19:46:00+08:00 ] ::1 /enterprise/admin.php/User/insert.html
INFO: [ app_init ] --START--
INFO: Run Behavior\BuildLiteBehavior [ RunTime:0.000052s ]
INFO: [ app_init ] --END-- [ RunTime:0.001015s ]

[ 2018-01-21T19:46:02+08:00 ] ::1 /enterprise/admin.php/User/insert.html
INFO: [ app_init ] --START--
INFO: Run Behavior\BuildLiteBehavior [ RunTime:0.000047s ]
INFO: [ app_init ] --END-- [ RunTime:0.000884s ]

[ 2018-01-21T19:46:44+08:00 ] ::1 /enterprise/admin.php/User/insert.html
INFO: [ app_init ] --START--
INFO: Run Behavior\BuildLiteBehavior [ RunTime:0.000047s ]
INFO: [ app_init ] --END-- [ RunTime:0.000896s ]

[ 2018-01-21T19:51:33+08:00 ] ::1 /enterprise/admin.php/User/insert.html
INFO: [ app_init ] --START--
INFO: Run Behavior\BuildLiteBehavior [ RunTime:0.000051s ]
INFO: [ app_init ] --END-- [ RunTime:0.001180s ]

[ 2018-01-21T19:53:43+08:00 ] ::1 /enterprise/admin.php/User/insert.html
INFO: [ app_init ] --START--
INFO: Run Behavior\BuildLiteBehavior [ RunTime:0.000053s ]
INFO: [ app_init ] --END-- [ RunTime:0.001107s ]

[ 2018-01-21T19:56:31+08:00 ] ::1 /enterprise/admin.php/User/insert.html
INFO: [ app_init ] --START--
INFO: Run Behavior\BuildLiteBehavior [ RunTime:0.000050s ]
INFO: [ app_init ] --END-- [ RunTime:0.001325s ]

[ 2018-01-21T19:56:39+08:00 ] ::1 /enterprise/admin.php/User/insert.html
INFO: [ app_init ] --START--
INFO: Run Behavior\BuildLiteBehavior [ RunTime:0.000048s ]
INFO: [ app_init ] --END-- [ RunTime:0.000927s ]

[ 2018-01-21T19:56:42+08:00 ] ::1 /enterprise/admin.php/User/insert.html
INFO: [ app_init ] --START--
INFO: Run Behavior\BuildLiteBehavior [ RunTime:0.000047s ]
INFO: [ app_init ] --END-- [ RunTime:0.000892s ]

[ 2018-01-21T19:57:52+08:00 ] ::1 /enterprise/admin.php/User/insert.html
INFO: [ app_init ] --START--
INFO: Run Behavior\BuildLiteBehavior [ RunTime:0.000056s ]
INFO: [ app_init ] --END-- [ RunTime:0.001156s ]

[ 2018-01-21T19:57:54+08:00 ] ::1 /enterprise/admin.php/User/insert.html
INFO: [ app_init ] --START--
INFO: Run Behavior\BuildLiteBehavior [ RunTime:0.000049s ]
INFO: [ app_init ] --END-- [ RunTime:0.000938s ]

[ 2018-01-21T19:58:59+08:00 ] ::1 /enterprise/admin.php/User/insert.html
INFO: [ app_init ] --START--
INFO: Run Behavior\BuildLiteBehavior [ RunTime:0.000051s ]
INFO: [ app_init ] --END-- [ RunTime:0.001010s ]

[ 2018-01-21T20:00:54+08:00 ] ::1 /enterprise/admin.php/User/insert.html
INFO: [ app_init ] --START--
INFO: Run Behavior\BuildLiteBehavior [ RunTime:0.000171s ]
INFO: [ app_init ] --END-- [ RunTime:0.001026s ]

[ 2018-01-21T20:00:56+08:00 ] ::1 /enterprise/admin.php/User/insert.html
INFO: [ app_init ] --START--
INFO: Run Behavior\BuildLiteBehavior [ RunTime:0.000053s ]
INFO: [ app_init ] --END-- [ RunTime:0.001265s ]

[ 2018-01-21T20:00:58+08:00 ] ::1 /enterprise/admin.php/User/insert.html
INFO: [ app_init ] --START--
INFO: Run Behavior\BuildLiteBehavior [ RunTime:0.000047s ]
INFO: [ app_init ] --END-- [ RunTime:0.000892s ]

[ 2018-01-21T20:03:22+08:00 ] ::1 /enterprise/admin.php/User/insert.html
INFO: [ app_init ] --START--
INFO: Run Behavior\BuildLiteBehavior [ RunTime:0.000050s ]
INFO: [ app_init ] --END-- [ RunTime:0.001311s ]

[ 2018-01-21T20:03:34+08:00 ] ::1 /enterprise/admin.php/User/insert.html
INFO: [ app_init ] --START--
INFO: Run Behavior\BuildLiteBehavior [ RunTime:0.000057s ]
INFO: [ app_init ] --END-- [ RunTime:0.001220s ]

[ 2018-01-21T20:04:23+08:00 ] ::1 /enterprise/admin.php/User/insert.html
INFO: [ app_init ] --START--
INFO: Run Behavior\BuildLiteBehavior [ RunTime:0.000059s ]
INFO: [ app_init ] --END-- [ RunTime:0.001050s ]

[ 2018-01-21T20:04:38+08:00 ] ::1 /enterprise/admin.php/User/insert.html
INFO: [ app_init ] --START--
INFO: Run Behavior\BuildLiteBehavior [ RunTime:0.000050s ]
INFO: [ app_init ] --END-- [ RunTime:0.001398s ]

[ 2018-01-21T20:06:35+08:00 ] ::1 /enterprise/admin.php/User/insert.html
INFO: [ app_init ] --START--
INFO: Run Behavior\BuildLiteBehavior [ RunTime:0.000053s ]
INFO: [ app_init ] --END-- [ RunTime:0.001242s ]

[ 2018-01-21T20:06:41+08:00 ] ::1 /enterprise/admin.php/User/insert.html
INFO: [ app_init ] --START--
INFO: Run Behavior\BuildLiteBehavior [ RunTime:0.000053s ]
INFO: [ app_init ] --END-- [ RunTime:0.000889s ]

[ 2018-01-21T20:07:37+08:00 ] ::1 /enterprise/admin.php/User/insert.html
INFO: [ app_init ] --START--
INFO: Run Behavior\BuildLiteBehavior [ RunTime:0.000048s ]
INFO: [ app_init ] --END-- [ RunTime:0.000824s ]

[ 2018-01-21T20:08:18+08:00 ] ::1 /enterprise/admin.php/User/insert.html
INFO: [ app_init ] --START--
INFO: Run Behavior\BuildLiteBehavior [ RunTime:0.000051s ]
INFO: [ app_init ] --END-- [ RunTime:0.000892s ]

[ 2018-01-21T20:10:08+08:00 ] ::1 /enterprise/admin.php/User/insert.html
INFO: [ app_init ] --START--
INFO: Run Behavior\BuildLiteBehavior [ RunTime:0.000053s ]
INFO: [ app_init ] --END-- [ RunTime:0.000927s ]

[ 2018-01-21T20:10:33+08:00 ] ::1 /enterprise/admin.php/User/insert.html
INFO: [ app_init ] --START--
INFO: Run Behavior\BuildLiteBehavior [ RunTime:0.000047s ]
INFO: [ app_init ] --END-- [ RunTime:0.000963s ]

[ 2018-01-21T20:11:59+08:00 ] ::1 /enterprise/admin.php/User/insert.html
INFO: [ app_init ] --START--
INFO: Run Behavior\BuildLiteBehavior [ RunTime:0.000047s ]
INFO: [ app_init ] --END-- [ RunTime:0.000817s ]

[ 2018-01-21T20:12:13+08:00 ] ::1 /enterprise/admin.php/User/insert.html
INFO: [ app_init ] --START--
INFO: Run Behavior\BuildLiteBehavior [ RunTime:0.000051s ]
INFO: [ app_init ] --END-- [ RunTime:0.001102s ]

[ 2018-01-21T20:12:18+08:00 ] ::1 /enterprise/admin.php/User/insert.html
INFO: [ app_init ] --START--
INFO: Run Behavior\BuildLiteBehavior [ RunTime:0.000048s ]
INFO: [ app_init ] --END-- [ RunTime:0.000938s ]

[ 2018-01-21T20:12:50+08:00 ] ::1 /enterprise/admin.php/User/insert.html
INFO: [ app_init ] --START--
INFO: Run Behavior\BuildLiteBehavior [ RunTime:0.000058s ]
INFO: [ app_init ] --END-- [ RunTime:0.001032s ]

[ 2018-01-21T20:13:33+08:00 ] ::1 /enterprise/admin.php/User/insert.html
INFO: [ app_init ] --START--
INFO: Run Behavior\BuildLiteBehavior [ RunTime:0.000048s ]
INFO: [ app_init ] --END-- [ RunTime:0.000928s ]

[ 2018-01-21T20:13:42+08:00 ] ::1 /enterprise/admin.php/User/insert.html
INFO: [ app_init ] --START--
INFO: Run Behavior\BuildLiteBehavior [ RunTime:0.000052s ]
INFO: [ app_init ] --END-- [ RunTime:0.001154s ]

[ 2018-01-21T20:13:54+08:00 ] ::1 /enterprise/admin.php/User/insert.html
INFO: [ app_init ] --START--
INFO: Run Behavior\BuildLiteBehavior [ RunTime:0.000094s ]
INFO: [ app_init ] --END-- [ RunTime:0.001363s ]

[ 2018-01-21T20:13:57+08:00 ] ::1 /enterprise/admin.php/User/insert.html
INFO: [ app_init ] --START--
INFO: Run Behavior\BuildLiteBehavior [ RunTime:0.000045s ]
INFO: [ app_init ] --END-- [ RunTime:0.000799s ]

[ 2018-01-21T20:14:25+08:00 ] ::1 /enterprise/admin.php/User/insert.html
INFO: [ app_init ] --START--
INFO: Run Behavior\BuildLiteBehavior [ RunTime:0.000053s ]
INFO: [ app_init ] --END-- [ RunTime:0.001206s ]

[ 2018-01-21T20:15:39+08:00 ] ::1 /enterprise/admin.php/User/insert.html
INFO: [ app_init ] --START--
INFO: Run Behavior\BuildLiteBehavior [ RunTime:0.000047s ]
INFO: [ app_init ] --END-- [ RunTime:0.000873s ]

[ 2018-01-21T20:15:47+08:00 ] ::1 /enterprise/admin.php/User/insert.html
INFO: [ app_init ] --START--
INFO: Run Behavior\BuildLiteBehavior [ RunTime:0.000048s ]
INFO: [ app_init ] --END-- [ RunTime:0.000972s ]

[ 2018-01-21T20:16:59+08:00 ] ::1 /enterprise/admin.php/User/insert.html
INFO: [ app_init ] --START--
INFO: Run Behavior\BuildLiteBehavior [ RunTime:0.000137s ]
INFO: [ app_init ] --END-- [ RunTime:0.001198s ]

[ 2018-01-21T20:17:11+08:00 ] ::1 /enterprise/admin.php/User/insert.html
INFO: [ app_init ] --START--
INFO: Run Behavior\BuildLiteBehavior [ RunTime:0.000052s ]
INFO: [ app_init ] --END-- [ RunTime:0.001138s ]

[ 2018-01-21T20:17:26+08:00 ] ::1 /enterprise/admin.php/User/insert.html
INFO: [ app_init ] --START--
INFO: Run Behavior\BuildLiteBehavior [ RunTime:0.000051s ]
INFO: [ app_init ] --END-- [ RunTime:0.001235s ]

[ 2018-01-21T20:19:59+08:00 ] ::1 /enterprise/admin.php/User/insert.html
INFO: [ app_init ] --START--
INFO: Run Behavior\BuildLiteBehavior [ RunTime:0.000051s ]
INFO: [ app_init ] --END-- [ RunTime:0.000978s ]

[ 2018-01-21T20:20:42+08:00 ] ::1 /enterprise/admin.php/User/insert.html
INFO: [ app_init ] --START--
INFO: Run Behavior\BuildLiteBehavior [ RunTime:0.000050s ]
INFO: [ app_init ] --END-- [ RunTime:0.001169s ]

[ 2018-01-21T20:23:16+08:00 ] ::1 /enterprise/admin.php/User/insert.html
INFO: [ app_init ] --START--
INFO: Run Behavior\BuildLiteBehavior [ RunTime:0.000048s ]
INFO: [ app_init ] --END-- [ RunTime:0.000898s ]
ERR: 1146:Table 'bdm114585572_db.think_ceshi' doesn't exist
 [ SQL语句 ] : SHOW COLUMNS FROM `think_ceshi`

[ 2018-01-21T20:23:35+08:00 ] ::1 /enterprise/admin.php/User/insert.html
INFO: [ app_init ] --START--
INFO: Run Behavior\BuildLiteBehavior [ RunTime:0.000052s ]
INFO: [ app_init ] --END-- [ RunTime:0.000942s ]

[ 2018-01-21T20:24:52+08:00 ] ::1 /enterprise/admin.php/User/insert.html
INFO: [ app_init ] --START--
INFO: Run Behavior\BuildLiteBehavior [ RunTime:0.000048s ]
INFO: [ app_init ] --END-- [ RunTime:0.000901s ]

[ 2018-01-21T20:25:07+08:00 ] ::1 /enterprise/admin.php/User/insert.html
INFO: [ app_init ] --START--
INFO: Run Behavior\BuildLiteBehavior [ RunTime:0.000051s ]
INFO: [ app_init ] --END-- [ RunTime:0.001093s ]

[ 2018-01-21T20:25:38+08:00 ] ::1 /enterprise/admin.php/User/insert.html
INFO: [ app_init ] --START--
INFO: Run Behavior\BuildLiteBehavior [ RunTime:0.000048s ]
INFO: [ app_init ] --END-- [ RunTime:0.000987s ]

[ 2018-01-21T20:27:39+08:00 ] ::1 /enterprise/admin.php/User/insert.html
INFO: [ app_init ] --START--
INFO: Run Behavior\BuildLiteBehavior [ RunTime:0.000047s ]
INFO: [ app_init ] --END-- [ RunTime:0.000877s ]
ERR: 1146:Table 'bdm114585572_db.ceshi' doesn't exist
 [ SQL语句 ] : SHOW COLUMNS FROM `ceshi`

[ 2018-01-21T20:28:45+08:00 ] ::1 /enterprise/admin.php/User/insert.html
INFO: [ app_init ] --START--
INFO: Run Behavior\BuildLiteBehavior [ RunTime:0.000051s ]
INFO: [ app_init ] --END-- [ RunTime:0.001204s ]
ERR: 1146:Table 'bdm114585572_db.admin_user' doesn't exist
 [ SQL语句 ] : SHOW COLUMNS FROM `admin_user`

[ 2018-01-21T20:28:48+08:00 ] ::1 /enterprise/admin.php/User/insert.html
INFO: [ app_init ] --START--
INFO: Run Behavior\BuildLiteBehavior [ RunTime:0.000122s ]
INFO: [ app_init ] --END-- [ RunTime:0.001418s ]
ERR: 1146:Table 'bdm114585572_db.admin_user' doesn't exist
 [ SQL语句 ] : SHOW COLUMNS FROM `admin_user`

[ 2018-01-21T20:29:42+08:00 ] ::1 /enterprise/admin.php/User/insert.html
INFO: [ app_init ] --START--
INFO: Run Behavior\BuildLiteBehavior [ RunTime:0.000051s ]
INFO: [ app_init ] --END-- [ RunTime:0.001066s ]

[ 2018-01-21T20:29:56+08:00 ] ::1 /enterprise/admin.php/User/insert.html
INFO: [ app_init ] --START--
INFO: Run Behavior\BuildLiteBehavior [ RunTime:0.000049s ]
INFO: [ app_init ] --END-- [ RunTime:0.000907s ]

[ 2018-01-21T20:30:03+08:00 ] ::1 /enterprise/admin.php/User/insert.html
INFO: [ app_init ] --START--
INFO: Run Behavior\BuildLiteBehavior [ RunTime:0.000048s ]
INFO: [ app_init ] --END-- [ RunTime:0.001008s ]

[ 2018-01-21T20:30:30+08:00 ] ::1 /enterprise/admin.php/User/insert.html
INFO: [ app_init ] --START--
INFO: Run Behavior\BuildLiteBehavior [ RunTime:0.000047s ]
INFO: [ app_init ] --END-- [ RunTime:0.000901s ]

[ 2018-01-21T20:32:01+08:00 ] ::1 /enterprise/admin.php/User/insert.html
INFO: [ app_init ] --START--
INFO: Run Behavior\BuildLiteBehavior [ RunTime:0.000050s ]
INFO: [ app_init ] --END-- [ RunTime:0.001158s ]

[ 2018-01-21T20:32:15+08:00 ] ::1 /enterprise/admin.php/User/insert.html
INFO: [ app_init ] --START--
INFO: Run Behavior\BuildLiteBehavior [ RunTime:0.000048s ]
INFO: [ app_init ] --END-- [ RunTime:0.000994s ]
ERR: 1146:Table 'bdm114585572_db.ceshi' doesn't exist
 [ SQL语句 ] : SHOW COLUMNS FROM `ceshi`

[ 2018-01-21T20:32:25+08:00 ] ::1 /enterprise/admin.php/User/insert.html
INFO: [ app_init ] --START--
INFO: Run Behavior\BuildLiteBehavior [ RunTime:0.000055s ]
INFO: [ app_init ] --END-- [ RunTime:0.001218s ]

[ 2018-01-21T20:34:26+08:00 ] ::1 /enterprise/admin.php/User/insert.html
INFO: [ app_init ] --START--
INFO: Run Behavior\BuildLiteBehavior [ RunTime:0.000048s ]
INFO: [ app_init ] --END-- [ RunTime:0.000949s ]

[ 2018-01-21T20:34:36+08:00 ] ::1 /enterprise/admin.php/User/insert.html
INFO: [ app_init ] --START--
INFO: Run Behavior\BuildLiteBehavior [ RunTime:0.000050s ]
INFO: [ app_init ] --END-- [ RunTime:0.001146s ]
ERR: 1146:Table 'bdm114585572_db.think_user' doesn't exist
 [ SQL语句 ] : SHOW COLUMNS FROM `think_user`

[ 2018-01-21T20:35:11+08:00 ] ::1 /enterprise/admin.php/User/insert.html
INFO: [ app_init ] --START--
INFO: Run Behavior\BuildLiteBehavior [ RunTime:0.000055s ]
INFO: [ app_init ] --END-- [ RunTime:0.001396s ]

[ 2018-01-21T20:35:23+08:00 ] ::1 /enterprise/admin.php/User/add.html
INFO: [ app_init ] --START--
INFO: Run Behavior\BuildLiteBehavior [ RunTime:0.000052s ]
INFO: [ app_init ] --END-- [ RunTime:0.000908s ]

[ 2018-01-21T20:35:26+08:00 ] ::1 /enterprise/admin.php/User/insert.html
INFO: [ app_init ] --START--
INFO: Run Behavior\BuildLiteBehavior [ RunTime:0.000060s ]
INFO: [ app_init ] --END-- [ RunTime:0.001308s ]

[ 2018-01-21T20:35:45+08:00 ] ::1 /enterprise/admin.php/User/insert.html
INFO: [ app_init ] --START--
INFO: Run Behavior\BuildLiteBehavior [ RunTime:0.000060s ]
INFO: [ app_init ] --END-- [ RunTime:0.002022s ]

[ 2018-01-21T20:38:05+08:00 ] ::1 /enterprise/admin.php/User/insert.html
INFO: [ app_init ] --START--
INFO: Run Behavior\BuildLiteBehavior [ RunTime:0.000055s ]
INFO: [ app_init ] --END-- [ RunTime:0.009526s ]

[ 2018-01-21T20:38:13+08:00 ] ::1 /enterprise/admin.php/User/insert.html
INFO: [ app_init ] --START--
INFO: Run Behavior\BuildLiteBehavior [ RunTime:0.000059s ]
INFO: [ app_init ] --END-- [ RunTime:0.001614s ]

[ 2018-01-21T20:38:43+08:00 ] ::1 /enterprise/admin.php/User/add.html
INFO: [ app_init ] --START--
INFO: Run Behavior\BuildLiteBehavior [ RunTime:0.000060s ]
INFO: [ app_init ] --END-- [ RunTime:0.001225s ]

[ 2018-01-21T20:38:45+08:00 ] ::1 /enterprise/admin.php/User/insert.html
INFO: [ app_init ] --START--
INFO: Run Behavior\BuildLiteBehavior [ RunTime:0.000053s ]
INFO: [ app_init ] --END-- [ RunTime:0.001248s ]

[ 2018-01-21T21:07:45+08:00 ] ::1 /enterprise/admin.php/User/add.html
INFO: [ app_init ] --START--
INFO: Run Behavior\BuildLiteBehavior [ RunTime:0.000053s ]
INFO: [ app_init ] --END-- [ RunTime:0.002997s ]

[ 2018-01-21T21:07:48+08:00 ] ::1 /enterprise/admin.php/User/insert.html
INFO: [ app_init ] --START--
INFO: Run Behavior\BuildLiteBehavior [ RunTime:0.000062s ]
INFO: [ app_init ] --END-- [ RunTime:0.001069s ]

[ 2018-01-21T21:08:12+08:00 ] ::1 /enterprise/admin.php/User/insert.html
INFO: [ app_init ] --START--
INFO: Run Behavior\BuildLiteBehavior [ RunTime:0.000056s ]
INFO: [ app_init ] --END-- [ RunTime:0.001635s ]

[ 2018-01-21T21:08:37+08:00 ] ::1 /enterprise/admin.php/User/insert.html
INFO: [ app_init ] --START--
INFO: Run Behavior\BuildLiteBehavior [ RunTime:0.000051s ]
INFO: [ app_init ] --END-- [ RunTime:0.001151s ]

[ 2018-01-21T21:09:16+08:00 ] ::1 /enterprise/admin.php/User/add.html
INFO: [ app_init ] --START--
INFO: Run Behavior\BuildLiteBehavior [ RunTime:0.000062s ]
INFO: [ app_init ] --END-- [ RunTime:0.001212s ]

[ 2018-01-21T21:09:18+08:00 ] ::1 /enterprise/admin.php/User/insert.html
INFO: [ app_init ] --START--
INFO: Run Behavior\BuildLiteBehavior [ RunTime:0.000070s ]
INFO: [ app_init ] --END-- [ RunTime:0.001597s ]

[ 2018-01-21T21:09:28+08:00 ] ::1 /enterprise/admin.php/User/add.html
INFO: [ app_init ] --START--
INFO: Run Behavior\BuildLiteBehavior [ RunTime:0.000124s ]
INFO: [ app_init ] --END-- [ RunTime:0.001167s ]

[ 2018-01-21T21:09:35+08:00 ] ::1 /enterprise/admin.php/User/insert.html
INFO: [ app_init ] --START--
INFO: Run Behavior\BuildLiteBehavior [ RunTime:0.000054s ]
INFO: [ app_init ] --END-- [ RunTime:0.001298s ]

[ 2018-01-21T21:10:11+08:00 ] ::1 /enterprise/admin.php/User/insert.html
INFO: [ app_init ] --START--
INFO: Run Behavior\BuildLiteBehavior [ RunTime:0.000058s ]
INFO: [ app_init ] --END-- [ RunTime:0.001674s ]

[ 2018-01-21T21:11:26+08:00 ] ::1 /enterprise/admin.php/User/insert.html
INFO: [ app_init ] --START--
INFO: Run Behavior\BuildLiteBehavior [ RunTime:0.000890s ]
INFO: [ app_init ] --END-- [ RunTime:0.003773s ]

[ 2018-01-21T21:13:19+08:00 ] ::1 /enterprise/admin.php/User/insert.html
INFO: [ app_init ] --START--
INFO: Run Behavior\BuildLiteBehavior [ RunTime:0.000050s ]
INFO: [ app_init ] --END-- [ RunTime:0.000913s ]

[ 2018-01-21T21:16:23+08:00 ] ::1 /enterprise/admin.php/User/insert.html
INFO: [ app_init ] --START--
INFO: Run Behavior\BuildLiteBehavior [ RunTime:0.000049s ]
INFO: [ app_init ] --END-- [ RunTime:0.000931s ]

[ 2018-01-21T21:18:26+08:00 ] ::1 /enterprise/admin.php/User/insert.html
INFO: [ app_init ] --START--
INFO: Run Behavior\BuildLiteBehavior [ RunTime:0.000072s ]
INFO: [ app_init ] --END-- [ RunTime:0.001617s ]

[ 2018-01-21T21:18:46+08:00 ] ::1 /enterprise/admin.php/User/insert.html
INFO: [ app_init ] --START--
INFO: Run Behavior\BuildLiteBehavior [ RunTime:0.000046s ]
INFO: [ app_init ] --END-- [ RunTime:0.000890s ]

[ 2018-01-21T21:19:40+08:00 ] ::1 /enterprise/admin.php/User/insert.html
INFO: [ app_init ] --START--
INFO: Run Behavior\BuildLiteBehavior [ RunTime:0.000045s ]
INFO: [ app_init ] --END-- [ RunTime:0.000799s ]

[ 2018-01-21T21:25:12+08:00 ] ::1 /enterprise/admin.php/User/insert.html
INFO: [ app_init ] --START--
INFO: Run Behavior\BuildLiteBehavior [ RunTime:0.000048s ]
INFO: [ app_init ] --END-- [ RunTime:0.000900s ]

[ 2018-01-21T21:25:34+08:00 ] ::1 /enterprise/admin.php/User/insert.html
INFO: [ app_init ] --START--
INFO: Run Behavior\BuildLiteBehavior [ RunTime:0.000054s ]
INFO: [ app_init ] --END-- [ RunTime:0.001243s ]

[ 2018-01-21T21:28:56+08:00 ] ::1 /enterprise/admin.php/User/insert.html
INFO: [ app_init ] --START--
INFO: Run Behavior\BuildLiteBehavior [ RunTime:0.000063s ]
INFO: [ app_init ] --END-- [ RunTime:0.001212s ]

[ 2018-01-21T21:31:05+08:00 ] ::1 /enterprise/admin.php/User/insert.html
INFO: [ app_init ] --START--
INFO: Run Behavior\BuildLiteBehavior [ RunTime:0.000048s ]
INFO: [ app_init ] --END-- [ RunTime:0.000876s ]

[ 2018-01-21T21:31:56+08:00 ] ::1 /enterprise/admin.php/User/insert.html
INFO: [ app_init ] --START--
INFO: Run Behavior\BuildLiteBehavior [ RunTime:0.000050s ]
INFO: [ app_init ] --END-- [ RunTime:0.000937s ]

[ 2018-01-21T21:33:48+08:00 ] ::1 /enterprise/admin.php/User/insert.html
INFO: [ app_init ] --START--
INFO: Run Behavior\BuildLiteBehavior [ RunTime:0.000049s ]
INFO: [ app_init ] --END-- [ RunTime:0.001061s ]

[ 2018-01-21T21:34:14+08:00 ] ::1 /enterprise/admin.php/User/insert.html
INFO: [ app_init ] --START--
INFO: Run Behavior\BuildLiteBehavior [ RunTime:0.000048s ]
INFO: [ app_init ] --END-- [ RunTime:0.000984s ]

[ 2018-01-21T21:34:58+08:00 ] ::1 /enterprise/admin.php/User/insert.html
INFO: [ app_init ] --START--
INFO: Run Behavior\BuildLiteBehavior [ RunTime:0.000051s ]
INFO: [ app_init ] --END-- [ RunTime:0.001270s ]

[ 2018-01-21T21:35:11+08:00 ] ::1 /enterprise/admin.php/User/insert.html
INFO: [ app_init ] --START--
INFO: Run Behavior\BuildLiteBehavior [ RunTime:0.000047s ]
INFO: [ app_init ] --END-- [ RunTime:0.000817s ]

[ 2018-01-21T21:35:31+08:00 ] ::1 /enterprise/admin.php/User/insert.html
INFO: [ app_init ] --START--
INFO: Run Behavior\BuildLiteBehavior [ RunTime:0.000047s ]
INFO: [ app_init ] --END-- [ RunTime:0.000869s ]

[ 2018-01-21T21:36:11+08:00 ] ::1 /enterprise/admin.php/User/insert.html
INFO: [ app_init ] --START--
INFO: Run Behavior\BuildLiteBehavior [ RunTime:0.000052s ]
INFO: [ app_init ] --END-- [ RunTime:0.001084s ]

[ 2018-01-21T21:36:24+08:00 ] ::1 /enterprise/admin.php/User/insert.html
INFO: [ app_init ] --START--
INFO: Run Behavior\BuildLiteBehavior [ RunTime:0.000050s ]
INFO: [ app_init ] --END-- [ RunTime:0.000994s ]

[ 2018-01-21T21:38:46+08:00 ] ::1 /enterprise/admin.php/User/insert.html
INFO: [ app_init ] --START--
INFO: Run Behavior\BuildLiteBehavior [ RunTime:0.000056s ]
INFO: [ app_init ] --END-- [ RunTime:0.001600s ]

[ 2018-01-21T21:39:14+08:00 ] ::1 /enterprise/admin.php/User/insert.html
INFO: [ app_init ] --START--
INFO: Run Behavior\BuildLiteBehavior [ RunTime:0.000053s ]
INFO: [ app_init ] --END-- [ RunTime:0.001253s ]

[ 2018-01-21T21:39:56+08:00 ] ::1 /enterprise/admin.php/User/insert.html
INFO: [ app_init ] --START--
INFO: Run Behavior\BuildLiteBehavior [ RunTime:0.000048s ]
INFO: [ app_init ] --END-- [ RunTime:0.000918s ]

[ 2018-01-21T21:46:24+08:00 ] ::1 /enterprise/admin.php/User/insert.html
INFO: [ app_init ] --START--
INFO: Run Behavior\BuildLiteBehavior [ RunTime:0.000392s ]
INFO: [ app_init ] --END-- [ RunTime:0.002511s ]

[ 2018-01-21T22:16:47+08:00 ] ::1 /enterprise/admin.php/login/index
INFO: [ app_init ] --START--
INFO: Run Behavior\BuildLiteBehavior [ RunTime:0.000061s ]
INFO: [ app_init ] --END-- [ RunTime:0.003272s ]

[ 2018-01-21T22:17:02+08:00 ] ::1 /enterprise/admin.php/login/index
INFO: [ app_init ] --START--
INFO: Run Behavior\BuildLiteBehavior [ RunTime:0.000051s ]
INFO: [ app_init ] --END-- [ RunTime:0.000971s ]

[ 2018-01-21T22:17:43+08:00 ] ::1 /enterprise/admin.php/login/index
INFO: [ app_init ] --START--
INFO: Run Behavior\BuildLiteBehavior [ RunTime:0.000047s ]
INFO: [ app_init ] --END-- [ RunTime:0.000815s ]

[ 2018-01-21T22:18:07+08:00 ] ::1 /enterprise/admin.php/login/index
INFO: [ app_init ] --START--
INFO: Run Behavior\BuildLiteBehavior [ RunTime:0.000047s ]
INFO: [ app_init ] --END-- [ RunTime:0.000887s ]

[ 2018-01-21T22:18:13+08:00 ] ::1 /enterprise/admin.php/login/index
INFO: [ app_init ] --START--
INFO: Run Behavior\BuildLiteBehavior [ RunTime:0.000051s ]
INFO: [ app_init ] --END-- [ RunTime:0.001171s ]

[ 2018-01-21T22:18:35+08:00 ] ::1 /enterprise/admin.php/login/index
INFO: [ app_init ] --START--
INFO: Run Behavior\BuildLiteBehavior [ RunTime:0.000056s ]
INFO: [ app_init ] --END-- [ RunTime:0.003943s ]

[ 2018-01-21T22:18:36+08:00 ] ::1 /enterprise/admin.php/login/index
INFO: [ app_init ] --START--
INFO: Run Behavior\BuildLiteBehavior [ RunTime:0.000057s ]
INFO: [ app_init ] --END-- [ RunTime:0.000884s ]

[ 2018-01-21T22:19:45+08:00 ] ::1 /enterprise/admin.php/login/index
INFO: [ app_init ] --START--
INFO: Run Behavior\BuildLiteBehavior [ RunTime:0.000054s ]
INFO: [ app_init ] --END-- [ RunTime:0.001337s ]

[ 2018-01-21T22:19:57+08:00 ] ::1 /enterprise/admin.php/login/index
INFO: [ app_init ] --START--
INFO: Run Behavior\BuildLiteBehavior [ RunTime:0.000051s ]
INFO: [ app_init ] --END-- [ RunTime:0.000938s ]

